{
  "stats": {
    "suites": 1,
    "tests": 1,
    "passes": 1,
    "pending": 0,
    "failures": 0,
    "start": "2025-01-17T23:47:43.152Z",
    "end": "2025-01-17T23:47:44.370Z",
    "duration": 1218,
    "testsRegistered": 1,
    "passPercent": 100,
    "pendingPercent": 0,
    "other": 0,
    "hasOther": false,
    "skipped": 0,
    "hasSkipped": false
  },
  "results": [
    {
      "uuid": "7308eefe-a239-451e-a48b-3141f1256dac",
      "title": "",
      "fullFile": "cypress\\e2e\\cards.cy.js",
      "file": "cypress\\e2e\\cards.cy.js",
      "beforeHooks": [],
      "afterHooks": [],
      "tests": [],
      "suites": [
        {
          "uuid": "57187f3c-ed7f-42ce-b206-e97a121ce66e",
          "title": "Cards API Tests",
          "fullFile": "",
          "file": "",
          "beforeHooks": [],
          "afterHooks": [],
          "tests": [
            {
              "title": "Deve criar um card, validar e excluir",
              "fullTitle": "Cards API Tests Deve criar um card, validar e excluir",
              "timedOut": null,
              "duration": 1185,
              "state": "passed",
              "speed": "fast",
              "pass": true,
              "fail": false,
              "pending": false,
              "context": null,
              "code": "cy.createCard('Trello Card Test').then(cardId => {\n  cy.deleteCard(cardId);\n});",
              "err": {},
              "uuid": "d8094f86-be10-4492-b29f-4200eaef2e20",
              "parentUUID": "57187f3c-ed7f-42ce-b206-e97a121ce66e",
              "isHook": false,
              "skipped": false
            }
          ],
          "suites": [],
          "passes": [
            "d8094f86-be10-4492-b29f-4200eaef2e20"
          ],
          "failures": [],
          "pending": [],
          "skipped": [],
          "duration": 1185,
          "root": false,
          "rootEmpty": false,
          "_timeout": 2000
        }
      ],
      "passes": [],
      "failures": [],
      "pending": [],
      "skipped": [],
      "duration": 0,
      "root": true,
      "rootEmpty": true,
      "_timeout": 2000
    }
  ],
  "meta": {
    "mocha": {
      "version": "7.0.1"
    },
    "mochawesome": {
      "options": {
        "quiet": false,
        "reportFilename": "mochawesome",
        "saveHtml": true,
        "saveJson": true,
        "consoleReporter": "spec",
        "useInlineDiffs": false,
        "code": true
      },
      "version": "7.1.3"
    },
    "marge": {
      "options": {
        "reportDir": "cypress/reports",
        "overwrite": false,
        "html": true,
        "json": true
      },
      "version": "6.2.0"
    }
  }
}