{
  "stats": {
    "suites": 1,
    "tests": 1,
    "passes": 1,
    "pending": 0,
    "failures": 0,
    "start": "2025-01-17T23:47:37.101Z",
    "end": "2025-01-17T23:47:39.187Z",
    "duration": 2086,
    "testsRegistered": 1,
    "passPercent": 100,
    "pendingPercent": 0,
    "other": 0,
    "hasOther": false,
    "skipped": 0,
    "hasSkipped": false
  },
  "results": [
    {
      "uuid": "e8c34eff-ea31-4be2-8510-ce76510c5d82",
      "title": "",
      "fullFile": "cypress\\e2e\\boards.cy.js",
      "file": "cypress\\e2e\\boards.cy.js",
      "beforeHooks": [],
      "afterHooks": [],
      "tests": [],
      "suites": [
        {
          "uuid": "f1d1497f-3826-4fd0-afb0-6883a84112a7",
          "title": "Boards API Tests",
          "fullFile": "",
          "file": "",
          "beforeHooks": [],
          "afterHooks": [],
          "tests": [
            {
              "title": "Deve criar um board, validar e excluir",
              "fullTitle": "Boards API Tests Deve criar um board, validar e excluir",
              "timedOut": null,
              "duration": 2053,
              "state": "passed",
              "speed": "fast",
              "pass": true,
              "fail": false,
              "pending": false,
              "context": null,
              "code": "cy.createBoard('Trello Board Test').then(boardId => {\n  cy.deleteBoard(boardId);\n});",
              "err": {},
              "uuid": "e09857a7-2a06-45fd-84fb-2edf06c06248",
              "parentUUID": "f1d1497f-3826-4fd0-afb0-6883a84112a7",
              "isHook": false,
              "skipped": false
            }
          ],
          "suites": [],
          "passes": [
            "e09857a7-2a06-45fd-84fb-2edf06c06248"
          ],
          "failures": [],
          "pending": [],
          "skipped": [],
          "duration": 2053,
          "root": false,
          "rootEmpty": false,
          "_timeout": 2000
        }
      ],
      "passes": [],
      "failures": [],
      "pending": [],
      "skipped": [],
      "duration": 0,
      "root": true,
      "rootEmpty": true,
      "_timeout": 2000
    }
  ],
  "meta": {
    "mocha": {
      "version": "7.0.1"
    },
    "mochawesome": {
      "options": {
        "quiet": false,
        "reportFilename": "mochawesome",
        "saveHtml": true,
        "saveJson": true,
        "consoleReporter": "spec",
        "useInlineDiffs": false,
        "code": true
      },
      "version": "7.1.3"
    },
    "marge": {
      "options": {
        "reportDir": "cypress/reports",
        "overwrite": false,
        "html": true,
        "json": true
      },
      "version": "6.2.0"
    }
  }
}